2025-04-23 19:11:07 - symptom_logger - DEBUG - Pain
2025-04-23 19:11:08 - symptom_logger - DEBUG - Pain
2025-04-23 19:20:07 - symptom_logger - DEBUG - pain in my head
2025-04-23 19:20:09 - symptom_logger - DEBUG - pain in my head
2025-04-23 19:25:13 - symptom_logger - DEBUG - ----m
2025-04-23 19:25:14 - symptom_logger - DEBUG - ----m
2025-04-23 19:25:36 - symptom_logger - DEBUG - pain in my head
2025-04-23 19:25:37 - symptom_logger - DEBUG - pain in my head
2025-04-23 19:28:10 - symptom_logger - DEBUG - ----head in my stomach
2025-04-23 19:28:11 - symptom_logger - DEBUG - ----head in my stomach
2025-04-23 19:28:18 - symptom_logger - DEBUG - pain in my tummy
2025-04-23 19:28:19 - symptom_logger - DEBUG - pain in my tummy
2025-04-23 19:37:04 - symptom_logger - DEBUG - Pain
2025-04-23 19:37:05 - symptom_logger - DEBUG - Pain
2025-04-23 19:37:17 - symptom_logger - DEBUG - ----thank you thats all!
2025-04-23 19:37:17 - symptom_logger - DEBUG - ----thank you thats all!
2025-04-23 20:02:22 - symptom_logger - DEBUG - hurting
2025-04-23 20:26:05 - symptom_logger - DEBUG - ----Yes, I have done something.
2025-04-23 20:26:07 - symptom_logger - DEBUG - ----Yes, I have done something.
2025-04-23 21:31:47 - symptom_logger - DEBUG - ----thats all thank you!
2025-04-23 21:31:49 - symptom_logger - DEBUG - ----thats all thank you!
